<?xml version="1.0" encoding="UTF-8"?>
<!-- Generated by org.testng.reporters.JUnitXMLReporter -->
<testsuite hostname="LAPTOP-TBA24BB5" ignored="0" name="Default test" tests="3" failures="0" timestamp="2023-01-11T18:57:09 IST" time="149.546" errors="0">
  <testcase name="Login" time="64.583" classname="departmentHead.DeptcountStatutory"/>
  <testcase name="InternalMsg" time="24.186" classname="departmentHead.DeptcountStatutory"/>
  <testcase name="SupportTicket" time="20.855" classname="departmentHead.DeptcountStatutory"/>
</testsuite> <!-- Default test -->
